-------------------------------------
Translated Report (Full Report Below)
-------------------------------------

Incident Identifier: BF8215D8-D53F-4667-92DE-665DAC1D82BD
CrashReporter Key:   28AB3F99-9BD9-C53B-FAD0-A07AF56DC4DB
Hardware Model:      Mac14,2
Process:             PenNote English [9207]
Path:                /Users/USER/Library/Developer/CoreSimulator/Devices/7B5E1B5A-9919-4B24-A5CC-559B4DFA129D/data/Containers/Bundle/Application/7D2A155F-BFFA-4E94-92F9-32A367CE4EB2/PenNote English.app/PenNote English
Identifier:          com.macrochen.PenNote-English
Version:             1.0 (1)
Code Type:           ARM-64 (Native)
Role:                Foreground
Parent Process:      launchd_sim [3562]
Coalition:           com.apple.CoreSimulator.SimDevice.7B5E1B5A-9919-4B24-A5CC-559B4DFA129D [17213]
Responsible Process: SimulatorTrampoline [46620]

Date/Time:           2025-03-10 21:21:04.8083 +0800
Launch Time:         2025-03-10 21:20:35.4047 +0800
OS Version:          macOS 15.3.1 (24D70)
Release Type:        User
Report Version:      104

Exception Type:  EXC_CRASH (SIGABRT)
Exception Codes: 0x0000000000000000, 0x0000000000000000
Termination Reason: SIGNAL 6 Abort trap: 6
Terminating Process: PenNote English [9207]

Triggered by Thread:  0

Last Exception Backtrace:
0   CoreFoundation                	       0x180437324 __exceptionPreprocess + 160
1   libobjc.A.dylib               	       0x180051274 objc_exception_throw + 56
2   CoreFoundation                	       0x180445e3c +[NSObject(NSObject) instanceMethodSignatureForSelector:] + 0
3   CoreFoundation                	       0x18043b224 ___forwarding___ + 1308
4   CoreFoundation                	       0x18043d50c _CF_forwarding_prep_0 + 92
5   PenNote English.debug.dylib   	       0x1046a10d4 WordImportView.importWords(from:) + 3116 (WordImportView.swift:146)
6   PenNote English.debug.dylib   	       0x1046a0498 closure #1 in closure #1 in closure #2 in closure #1 in closure #1 in WordImportView.body.getter + 68 (WordImportView.swift:33)
7   SwiftUI                       	       0x1091a146c 0x108730000 + 10949740
8   SwiftUI                       	       0x10914ce3c 0x108730000 + 10604092
9   SwiftUI                       	       0x1090bbdf8 0x108730000 + 10010104
10  SwiftUI                       	       0x1090c3650 0x108730000 + 10040912
11  SwiftUI                       	       0x10914ce3c 0x108730000 + 10604092
12  SwiftUI                       	       0x10914ce58 0x108730000 + 10604120
13  SwiftUI                       	       0x10914ce3c 0x108730000 + 10604092
14  SwiftUI                       	       0x108ec18f8 0x108730000 + 7936248
15  SwiftUI                       	       0x108ec0f40 0x108730000 + 7933760
16  SwiftUI                       	       0x109263f2c 0x108730000 + 11747116
17  SwiftUI                       	       0x109265c00 0x108730000 + 11754496
18  UIKitCore                     	       0x104dc3a58 -[UICollectionView _selectItemAtIndexPath:animated:scrollPosition:notifyDelegate:deselectPrevious:performCustomSelectionAction:] + 1056
19  UIKitCore                     	       0x104df0f70 -[UICollectionView touchesEnded:withEvent:] + 476
20  UIKitCore                     	       0x105607978 forwardTouchMethod + 264
21  UIKitCore                     	       0x105607978 forwardTouchMethod + 264
22  UIKitCore                     	       0x105607978 forwardTouchMethod + 264
23  UIKitCore                     	       0x105607978 forwardTouchMethod + 264
24  UIKitCore                     	       0x105176b2c _UIGestureEnvironmentUpdate + 5924
25  UIKitCore                     	       0x105175128 -[UIGestureEnvironment _deliverEvent:toGestureRecognizers:usingBlock:] + 276
26  UIKitCore                     	       0x105174ea4 -[UIGestureEnvironment _updateForEvent:window:] + 156
27  UIKitCore                     	       0x105616acc -[UIWindow sendEvent:] + 3164
28  UIKitCore                     	       0x1055f4ae4 -[UIApplication sendEvent:] + 692
29  UIKitCore                     	       0x105670644 __dispatchPreprocessedEventFromEventQueue + 1880
30  UIKitCore                     	       0x105673590 __processEventQueue + 5556
31  UIKitCore                     	       0x10566c4b8 __eventFetcherSourceCallback + 156
32  CoreFoundation                	       0x18039ac6c __CFRUNLOOP_IS_CALLING_OUT_TO_A_SOURCE0_PERFORM_FUNCTION__ + 24
33  CoreFoundation                	       0x18039abb4 __CFRunLoopDoSource0 + 172
34  CoreFoundation                	       0x18039a324 __CFRunLoopDoSources0 + 232
35  CoreFoundation                	       0x180394958 __CFRunLoopRun + 748
36  CoreFoundation                	       0x180394254 CFRunLoopRunSpecific + 584
37  GraphicsServices              	       0x188eb7c9c GSEventRunModal + 160
38  UIKitCore                     	       0x1055daff0 -[UIApplication _run] + 868
39  UIKitCore                     	       0x1055def3c UIApplicationMain + 124
40  SwiftUI                       	       0x10968734c 0x108730000 + 16085836
41  SwiftUI                       	       0x1096871ec 0x108730000 + 16085484
42  SwiftUI                       	       0x108e7f474 0x108730000 + 7664756
43  PenNote English.debug.dylib   	       0x1046b5634 static PenNote_EnglishApp.$main() + 40
44  PenNote English.debug.dylib   	       0x1046b5780 __debug_main_executable_dylib_entry_point + 12 (PenNote_EnglishApp.swift:11)
45  dyld_sim                      	       0x1045f9514 start_sim + 20
46  dyld                          	       0x1044d6274 start + 2840

Thread 0 Crashed::  Dispatch queue: com.apple.main-thread
0   libsystem_kernel.dylib        	       0x104899108 __pthread_kill + 8
1   libsystem_pthread.dylib       	       0x104417408 pthread_kill + 256
2   libsystem_c.dylib             	       0x18012873c abort + 124
3   libc++abi.dylib               	       0x18023d0a8 abort_message + 128
4   libc++abi.dylib               	       0x18022dbd4 demangling_terminate_handler() + 300
5   libobjc.A.dylib               	       0x180032ea8 _objc_terminate() + 124
6   libc++abi.dylib               	       0x18023c580 std::__terminate(void (*)()) + 12
7   libc++abi.dylib               	       0x18023efb8 __cxa_rethrow + 144
8   libobjc.A.dylib               	       0x180051408 objc_exception_rethrow + 40
9   CoreFoundation                	       0x180394318 CFRunLoopRunSpecific + 780
10  GraphicsServices              	       0x188eb7c9c GSEventRunModal + 160
11  UIKitCore                     	       0x1055daff0 -[UIApplication _run] + 868
12  UIKitCore                     	       0x1055def3c UIApplicationMain + 124
13  SwiftUI                       	       0x10968734c 0x108730000 + 16085836
14  SwiftUI                       	       0x1096871ec 0x108730000 + 16085484
15  SwiftUI                       	       0x108e7f474 0x108730000 + 7664756
16  PenNote English.debug.dylib   	       0x1046b5634 static PenNote_EnglishApp.$main() + 40
17  PenNote English.debug.dylib   	       0x1046b5780 __debug_main_executable_dylib_entry_point + 12 (PenNote_EnglishApp.swift:11)
18  dyld_sim                      	       0x1045f9514 start_sim + 20
19  dyld                          	       0x1044d6274 start + 2840

Thread 1:
0   libsystem_pthread.dylib       	       0x10441292c start_wqthread + 0

Thread 2:: com.apple.uikit.eventfetch-thread
0   libsystem_kernel.dylib        	       0x104891390 mach_msg2_trap + 8
1   libsystem_kernel.dylib        	       0x1048a26e0 mach_msg2_internal + 76
2   libsystem_kernel.dylib        	       0x1048994f4 mach_msg_overwrite + 536
3   libsystem_kernel.dylib        	       0x1048916cc mach_msg + 20
4   CoreFoundation                	       0x18039a4a8 __CFRunLoopServiceMachPort + 156
5   CoreFoundation                	       0x180394ad4 __CFRunLoopRun + 1128
6   CoreFoundation                	       0x180394254 CFRunLoopRunSpecific + 584
7   Foundation                    	       0x180b994bc -[NSRunLoop(NSRunLoop) runMode:beforeDate:] + 208
8   Foundation                    	       0x180b996e0 -[NSRunLoop(NSRunLoop) runUntilDate:] + 60
9   UIKitCore                     	       0x10567a714 -[UIEventFetcher threadMain] + 404
10  Foundation                    	       0x180bbede0 __NSThread__start__ + 704
11  libsystem_pthread.dylib       	       0x1044176f8 _pthread_start + 104
12  libsystem_pthread.dylib       	       0x104412940 thread_start + 8

Thread 3:
0   libsystem_pthread.dylib       	       0x10441292c start_wqthread + 0

Thread 4:
0   libsystem_pthread.dylib       	       0x10441292c start_wqthread + 0

Thread 5:
0   libsystem_pthread.dylib       	       0x10441292c start_wqthread + 0

Thread 6:
0   libsystem_pthread.dylib       	       0x10441292c start_wqthread + 0

Thread 7:
0   libsystem_pthread.dylib       	       0x10441292c start_wqthread + 0

Thread 8:
0   libsystem_pthread.dylib       	       0x10441292c start_wqthread + 0


Thread 0 crashed with ARM Thread State (64-bit):
    x0: 0x0000000000000000   x1: 0x0000000000000000   x2: 0x0000000000000000   x3: 0x0000000000000000
    x4: 0x0000000180240507   x5: 0x000000016bab1f10   x6: 0x000000000000006e   x7: 0x0000000000000700
    x8: 0x0000000104560200   x9: 0x8b3e6ec523309897  x10: 0x0000000000000200  x11: 0x000000000000000b
   x12: 0x000000000000000b  x13: 0x00000000001ff800  x14: 0x00000000000007fb  x15: 0x000000008383e803
   x16: 0x0000000000000148  x17: 0x000000008383e803  x18: 0x0000000000000000  x19: 0x0000000000000006
   x20: 0x0000000000000103  x21: 0x00000001045602e0  x22: 0x00000001bbb38418  x23: 0x0000600002240c40
   x24: 0x0000000000000001  x25: 0x0000000000000001  x26: 0x0000000000000001  x27: 0x0000000000000000
   x28: 0x00000001802537f0   fp: 0x000000016bab1e80   lr: 0x0000000104417408
    sp: 0x000000016bab1e60   pc: 0x0000000104899108 cpsr: 0x40001000
   far: 0x0000000000000000  esr: 0x56000080  Address size fault

Binary Images:
       0x1044d0000 -        0x104553fff dyld (*) <398a133c-9bcb-317f-a064-a40d3cea3c0f> /usr/lib/dyld
       0x10434c000 -        0x10434ffff com.macrochen.PenNote-English (1.0) <6c45c993-85c2-3cbf-9b72-d369706e942b> /Users/USER/Library/Developer/CoreSimulator/Devices/7B5E1B5A-9919-4B24-A5CC-559B4DFA129D/data/Containers/Bundle/Application/7D2A155F-BFFA-4E94-92F9-32A367CE4EB2/PenNote English.app/PenNote English
       0x1045f8000 -        0x104647fff dyld_sim (*) <4eba7f04-0a30-3166-8a68-9125b8a1d5f9> /Volumes/VOLUME/*/dyld_sim
       0x10468c000 -        0x1046c3fff PenNote English.debug.dylib (*) <3730d4a4-731b-3225-b63b-cae722a6f70c> /Users/USER/Library/Developer/CoreSimulator/Devices/7B5E1B5A-9919-4B24-A5CC-559B4DFA129D/data/Containers/Bundle/Application/7D2A155F-BFFA-4E94-92F9-32A367CE4EB2/PenNote English.app/PenNote English.debug.dylib
       0x108730000 -        0x109cf3fff com.apple.SwiftUI (4.4.36.1.102) <d1594f8f-331a-3fab-a631-124e563569fe> /Volumes/VOLUME/*/SwiftUI.framework/SwiftUI
       0x104400000 -        0x104403fff com.apple.UIKit (1.0) <7e2b5d6b-224b-39a1-af92-5f3909a01490> /Volumes/VOLUME/*/UIKit.framework/UIKit
       0x104a00000 -        0x104a67fff libswiftUIKit.dylib (*) <f5219679-3057-31da-a067-a2d4201afbcd> /Volumes/VOLUME/*/libswiftUIKit.dylib
       0x10446c000 -        0x104473fff libsystem_platform.dylib (*) <44654135-5ba7-3ea2-b7ef-f77ad1cb1980> /usr/lib/system/libsystem_platform.dylib
       0x104890000 -        0x1048cbfff libsystem_kernel.dylib (*) <5ea2a242-9786-3af8-b8a9-7899ecc711c8> /usr/lib/system/libsystem_kernel.dylib
       0x104410000 -        0x10441ffff libsystem_pthread.dylib (*) <53372391-80ee-3a52-85d2-b0d39816a60b> /usr/lib/system/libsystem_pthread.dylib
       0x10448c000 -        0x10449ffff com.apple.RecapPerformanceTesting (17) <ecc99c9c-5eea-3b7c-bdd4-888597768103> /Volumes/VOLUME/*/RecapPerformanceTesting.framework/RecapPerformanceTesting
       0x104754000 -        0x10479bfff com.apple.DocumentManager (1.0) <f55c5260-df24-3181-b7be-db7ee1ceae80> /Volumes/VOLUME/*/DocumentManager.framework/DocumentManager
       0x104b5c000 -        0x10623ffff com.apple.UIKitCore (1.0) <6726ae46-2599-3f92-adca-c48a0512d4ea> /Volumes/VOLUME/*/UIKitCore.framework/UIKitCore
       0x108158000 -        0x108247fff com.apple.ShareSheet (1885) <dc8e84eb-1e2c-3415-af31-e86b29fa6b2d> /Volumes/VOLUME/*/ShareSheet.framework/ShareSheet
       0x107f64000 -        0x107feffff com.apple.PrintKitUI (1.0) <74ff1df9-3f27-335a-9673-8991789c7e21> /Volumes/VOLUME/*/PrintKitUI.framework/PrintKitUI
       0x10839c000 -        0x108533fff com.apple.WebKitLegacy (8615) <d8b6af72-5e3d-39b2-bb59-e512d81bc65b> /Volumes/VOLUME/*/WebKitLegacy.framework/WebKitLegacy
       0x10df5c000 -        0x10f413fff com.apple.JavaScriptCore (8615) <6c92ecb5-f484-3925-b8ac-132e313d11cc> /Volumes/VOLUME/*/JavaScriptCore.framework/JavaScriptCore
       0x1176a8000 -        0x119e7ffff com.apple.WebCore (8615) <d5407764-9477-39b2-913f-54409e0fe6cd> /Volumes/VOLUME/*/WebCore.framework/WebCore
       0x10b30c000 -        0x10b673fff libANGLE-shared.dylib (*) <094a5d7d-536f-3c65-bf0f-42037de47f30> /Volumes/VOLUME/*/WebCore.framework/Frameworks/libANGLE-shared.dylib
       0x1048f8000 -        0x10494ffff com.apple.WebGPU (8615) <84b58cce-be36-3c7e-8f54-801c8cb3c7fa> /Volumes/VOLUME/*/WebGPU.framework/WebGPU
       0x10f9b0000 -        0x110403fff libwebrtc.dylib (*) <f606aa36-49b5-3263-a825-d170b63fa66a> /Volumes/VOLUME/*/WebCore.framework/Frameworks/libwebrtc.dylib
       0x10487c000 -        0x104887fff libobjc-trampolines.dylib (*) <806ae646-0aee-359b-883f-e4018780ec94> /Volumes/VOLUME/*/libobjc-trampolines.dylib
       0x115dbc000 -        0x115e47fff com.apple.TextInputUI (*) <9baeecb9-a8d8-377f-9e82-dbe6cc905343> /Volumes/VOLUME/*/TextInputUI.framework/TextInputUI
       0x1080ac000 -        0x1080c7fff com.apple.MetalKit (157) <a7239d12-8ef7-31dd-9042-955c44d86945> /Volumes/VOLUME/*/MetalKit.framework/MetalKit
       0x1800b6000 -        0x180130ffb libsystem_c.dylib (*) <6b3ced39-3f0d-3bb2-a2b1-34062cf5c8eb> /Volumes/VOLUME/*/libsystem_c.dylib
       0x180229000 -        0x180242fff libc++abi.dylib (*) <0e23e223-5e94-3fc8-9d0e-a75c9606e267> /Volumes/VOLUME/*/libc++abi.dylib
       0x18002c000 -        0x180060f1f libobjc.A.dylib (*) <dfe7d97e-d1bd-38d9-b8f1-5c58d6bbf6ad> /Volumes/VOLUME/*/libobjc.A.dylib
       0x180315000 -        0x1806c3fff com.apple.CoreFoundation (6.9) <132e87d0-14ac-310c-a5e9-3d9c921cc8ea> /Volumes/VOLUME/*/CoreFoundation.framework/CoreFoundation
       0x188eb4000 -        0x188ebcfff com.apple.GraphicsServices (1.0) <8e24edb2-1c99-3652-9ef0-e66191675515> /Volumes/VOLUME/*/GraphicsServices.framework/GraphicsServices
               0x0 - 0xffffffffffffffff ??? (*) <00000000-0000-0000-0000-000000000000> ???
       0x180243000 -        0x180264fff libdyld.dylib (*) <381adee5-4fab-31a0-828b-6fcce6d2ee47> /Volumes/VOLUME/*/libdyld.dylib
       0x18073a000 -        0x180f8bfff com.apple.Foundation (6.9) <e7f2a1f0-fb2c-3074-a4ea-e5853bffcee4> /Volumes/VOLUME/*/Foundation.framework/Foundation

EOF

-----------
Full Report
-----------

{"app_name":"PenNote English","timestamp":"2025-03-10 21:21:06.00 +0800","app_version":"1.0","slice_uuid":"6c45c993-85c2-3cbf-9b72-d369706e942b","build_version":"1","platform":7,"bundleID":"com.macrochen.PenNote-English","share_with_app_devs":0,"is_first_party":0,"bug_type":"309","os_version":"macOS 15.3.1 (24D70)","roots_installed":0,"name":"PenNote English","incident_id":"BF8215D8-D53F-4667-92DE-665DAC1D82BD"}
{
  "uptime" : 65000,
  "procRole" : "Foreground",
  "version" : 2,
  "userID" : 501,
  "deployVersion" : 210,
  "modelCode" : "Mac14,2",
  "coalitionID" : 17213,
  "osVersion" : {
    "train" : "macOS 15.3.1",
    "build" : "24D70",
    "releaseType" : "User"
  },
  "captureTime" : "2025-03-10 21:21:04.8083 +0800",
  "codeSigningMonitor" : 1,
  "incident" : "BF8215D8-D53F-4667-92DE-665DAC1D82BD",
  "pid" : 9207,
  "translated" : false,
  "cpuType" : "ARM-64",
  "roots_installed" : 0,
  "bug_type" : "309",
  "procLaunch" : "2025-03-10 21:20:35.4047 +0800",
  "procStartAbsTime" : 1578160647382,
  "procExitAbsTime" : 1578865998137,
  "procName" : "PenNote English",
  "procPath" : "\/Users\/USER\/Library\/Developer\/CoreSimulator\/Devices\/7B5E1B5A-9919-4B24-A5CC-559B4DFA129D\/data\/Containers\/Bundle\/Application\/7D2A155F-BFFA-4E94-92F9-32A367CE4EB2\/PenNote English.app\/PenNote English",
  "bundleInfo" : {"CFBundleShortVersionString":"1.0","CFBundleVersion":"1","CFBundleIdentifier":"com.macrochen.PenNote-English"},
  "storeInfo" : {"deviceIdentifierForVendor":"2D29FCB3-E0BD-5A36-A970-A54240651552","thirdParty":true},
  "parentProc" : "launchd_sim",
  "parentPid" : 3562,
  "coalitionName" : "com.apple.CoreSimulator.SimDevice.7B5E1B5A-9919-4B24-A5CC-559B4DFA129D",
  "crashReporterKey" : "28AB3F99-9BD9-C53B-FAD0-A07AF56DC4DB",
  "responsiblePid" : 46620,
  "responsibleProc" : "SimulatorTrampoline",
  "codeSigningID" : "com.macrochen.PenNote-English",
  "codeSigningTeamID" : "",
  "codeSigningFlags" : 570425857,
  "codeSigningValidationCategory" : 10,
  "codeSigningTrustLevel" : 4294967295,
  "instructionByteStream" : {"beforePC":"4wAAVP17v6n9AwCR+OL\/l78DAJH9e8GowANf1sADX9YQKYDSARAA1A==","atPC":"4wAAVP17v6n9AwCR7uL\/l78DAJH9e8GowANf1sADX9ZwCoDSARAA1A=="},
  "bootSessionUUID" : "7493506E-0EA5-4C90-A953-4D0BE5C48405",
  "wakeTime" : 13110,
  "sleepWakeUUID" : "06646D8F-813D-4116-81E9-7BF6CCB48470",
  "sip" : "enabled",
  "exception" : {"codes":"0x0000000000000000, 0x0000000000000000","rawCodes":[0,0],"type":"EXC_CRASH","signal":"SIGABRT"},
  "termination" : {"flags":0,"code":6,"namespace":"SIGNAL","indicator":"Abort trap: 6","byProc":"PenNote English","byPid":9207},
  "asiBacktraces" : ["0   CoreFoundation                      0x0000000180437330 __exceptionPreprocess + 172\n1   libobjc.A.dylib                     0x0000000180051274 objc_exception_throw + 56\n2   CoreFoundation                      0x0000000180445e3c +[NSObject(NSObject) instanceMethodSignatureForSelector:] + 0\n3   CoreFoundation                      0x000000018043b224 ___forwarding___ + 1308\n4   CoreFoundation                      0x000000018043d50c _CF_forwarding_prep_0 + 92\n5   PenNote English.debug.dylib         0x00000001046a10d4 $s15PenNote_English14WordImportViewV11importWords33_CF8F90A72CEA373739B523C9AAE46FCALL4fromy10Foundation3URLV_tF + 3116\n6   PenNote English.debug.dylib         0x00000001046a0498 $s15PenNote_English14WordImportViewV4bodyQrvg7SwiftUI05TupleF0VyAE4ListVys5NeverOAGyAE7SectionVyAE4TextVAGyAO_AoE0F0PAEE7paddingyQrAE4EdgeO3SetV_12CoreGraphics7CGFloatVSgtFQOyAO_Qo_A3OtGAE05EmptyF0VG_AMyAoE7ForEachVySay10Foundation3URLVGA8_AE6ButtonVyAOGGA2_GtGG_AqEE8disabledyQrSbFQOyAqEEARyQrAV_AZtFQOyA11_yAqEE12cornerRadius_11antialiasedQrAY_SbtFQOyAqEE15foregroundColoryQrAE5ColorVSgFQOyAqEE10background_20ignoresSafeAreaEdgesQrqd___AVtAE10ShapeStyleRd__lFQOyAqEEARyQrAV_AZtFQOyAqEE5frame8minWidth10idealWidth8maxWidth9minHeight11idealHeight9maxHeight9alignmentQrAZ_A5zE9AlignmentVtFQOyAE6HStackVyAGyAE5ImageV_AOtGG_Qo__Qo__A22_Qo__Qo__Qo_G_Qo__Qo_A_SgAE08ProgressF0VyAOA2_GSgtGyXEfU_A15_yXEfU_A13_yXEfU0_A12_A8_cfU_yyScMYccfU_ + 68\n7   SwiftUI                             0x00000001091a146c OUTLINED_FUNCTION_28 + 3180\n8   SwiftUI                             0x000000010914ce3c OUTLINED_FUNCTION_16 + 4404\n9   SwiftUI                             0x00000001090bbdf8 OUTLINED_FUNCTION_81 + 8736\n10  SwiftUI                             0x00000001090c3650 OUTLINED_FUNCTION_81 + 39544\n11  SwiftUI                             0x000000010914ce3c OUTLINED_FUNCTION_16 + 4404\n12  SwiftUI                             0x000000010914ce58 OUTLINED_FUNCTION_16 + 4432\n13  SwiftUI                             0x000000010914ce3c OUTLINED_FUNCTION_16 + 4404\n14  SwiftUI                             0x0000000108ec18f8 OUTLINED_FUNCTION_11 + 4128\n15  SwiftUI                             0x0000000108ec0f40 OUTLINED_FUNCTION_11 + 1640\n16  SwiftUI                             0x0000000109263f2c OUTLINED_FUNCTION_11 + 12612\n17  SwiftUI                             0x0000000109265c00 OUTLINED_FUNCTION_11 + 19992\n18  UIKitCore                           0x0000000104dc3a58 -[UICollectionView _selectItemAtIndexPath:animated:scrollPosition:notifyDelegate:deselectPrevious:performCustomSelectionAction:] + 1056\n19  UIKitCore                           0x0000000104df0f70 -[UICollectionView touchesEnded:withEvent:] + 476\n20  UIKitCore                           0x0000000105607978 forwardTouchMethod + 264\n21  UIKitCore                           0x0000000105607978 forwardTouchMethod + 264\n22  UIKitCore                           0x0000000105607978 forwardTouchMethod + 264\n23  UIKitCore                           0x0000000105607978 forwardTouchMethod + 264\n24  UIKitCore                           0x0000000105176b2c _UIGestureEnvironmentUpdate + 5924\n25  UIKitCore                           0x0000000105175128 -[UIGestureEnvironment _deliverEvent:toGestureRecognizers:usingBlock:] + 276\n26  UIKitCore                           0x0000000105174ea4 -[UIGestureEnvironment _updateForEvent:window:] + 156\n27  UIKitCore                           0x0000000105616acc -[UIWindow sendEvent:] + 3164\n28  UIKitCore                           0x00000001055f4ae4 -[UIApplication sendEvent:] + 692\n29  UIKitCore                           0x0000000105670644 __dispatchPreprocessedEventFromEventQueue + 1880\n30  UIKitCore                           0x0000000105673590 __processEventQueue + 5556\n31  UIKitCore                           0x000000010566c4b8 __eventFetcherSourceCallback + 156\n32  CoreFoundation                      0x000000018039ac6c __CFRUNLOOP_IS_CALLING_OUT_TO_A_SOURCE0_PERFORM_FUNCTION__ + 24\n33  CoreFoundation                      0x000000018039abb4 __CFRunLoopDoSource0 + 172\n34  CoreFoundation                      0x000000018039a324 __CFRunLoopDoSources0 + 232\n35  CoreFoundation                      0x0000000180394958 __CFRunLoopRun + 748\n36  CoreFoundation                      0x0000000180394254 CFRunLoopRunSpecific + 584\n37  GraphicsServices                    0x0000000188eb7c9c GSEventRunModal + 160\n38  UIKitCore                           0x00000001055daff0 -[UIApplication _run] + 868\n39  UIKitCore                           0x00000001055def3c UIApplicationMain + 124\n40  SwiftUI                             0x000000010968734c OUTLINED_FUNCTION_54 + 500\n41  SwiftUI                             0x00000001096871ec OUTLINED_FUNCTION_54 + 148\n42  SwiftUI                             0x0000000108e7f474 OUTLINED_FUNCTION_16 + 88\n43  PenNote English.debug.dylib         0x00000001046b5634 $s15PenNote_English0ab1_C3AppV5$mainyyFZ + 40\n44  PenNote English.debug.dylib         0x00000001046b5780 __debug_main_executable_dylib_entry_point + 12\n45  dyld                                0x00000001045f9514 start_sim + 20\n46  ???                                 0x00000001044d6274 0x0 + 4367147636"],
  "extMods" : {"caller":{"thread_create":0,"thread_set_state":0,"task_for_pid":0},"system":{"thread_create":0,"thread_set_state":646,"task_for_pid":33},"targeted":{"thread_create":0,"thread_set_state":0,"task_for_pid":0},"warnings":0},
  "lastExceptionBacktrace" : [{"imageOffset":1188644,"symbol":"__exceptionPreprocess","symbolLocation":160,"imageIndex":27},{"imageOffset":152180,"symbol":"objc_exception_throw","symbolLocation":56,"imageIndex":26},{"imageOffset":1248828,"symbol":"+[NSObject(NSObject) instanceMethodSignatureForSelector:]","symbolLocation":0,"imageIndex":27},{"imageOffset":1204772,"symbol":"___forwarding___","symbolLocation":1308,"imageIndex":27},{"imageOffset":1213708,"symbol":"_CF_forwarding_prep_0","symbolLocation":92,"imageIndex":27},{"imageOffset":86228,"sourceLine":146,"sourceFile":"WordImportView.swift","symbol":"WordImportView.importWords(from:)","imageIndex":3,"symbolLocation":3116},{"imageOffset":83096,"sourceLine":33,"sourceFile":"WordImportView.swift","symbol":"closure #1 in closure #1 in closure #2 in closure #1 in closure #1 in WordImportView.body.getter","imageIndex":3,"symbolLocation":68},{"imageOffset":10949740,"imageIndex":4},{"imageOffset":10604092,"imageIndex":4},{"imageOffset":10010104,"imageIndex":4},{"imageOffset":10040912,"imageIndex":4},{"imageOffset":10604092,"imageIndex":4},{"imageOffset":10604120,"imageIndex":4},{"imageOffset":10604092,"imageIndex":4},{"imageOffset":7936248,"imageIndex":4},{"imageOffset":7933760,"imageIndex":4},{"imageOffset":11747116,"imageIndex":4},{"imageOffset":11754496,"imageIndex":4},{"imageOffset":2521688,"symbol":"-[UICollectionView _selectItemAtIndexPath:animated:scrollPosition:notifyDelegate:deselectPrevious:performCustomSelectionAction:]","symbolLocation":1056,"imageIndex":12},{"imageOffset":2707312,"symbol":"-[UICollectionView touchesEnded:withEvent:]","symbolLocation":476,"imageIndex":12},{"imageOffset":11188600,"symbol":"forwardTouchMethod","symbolLocation":264,"imageIndex":12},{"imageOffset":11188600,"symbol":"forwardTouchMethod","symbolLocation":264,"imageIndex":12},{"imageOffset":11188600,"symbol":"forwardTouchMethod","symbolLocation":264,"imageIndex":12},{"imageOffset":11188600,"symbol":"forwardTouchMethod","symbolLocation":264,"imageIndex":12},{"imageOffset":6400812,"symbol":"_UIGestureEnvironmentUpdate","symbolLocation":5924,"imageIndex":12},{"imageOffset":6394152,"symbol":"-[UIGestureEnvironment _deliverEvent:toGestureRecognizers:usingBlock:]","symbolLocation":276,"imageIndex":12},{"imageOffset":6393508,"symbol":"-[UIGestureEnvironment _updateForEvent:window:]","symbolLocation":156,"imageIndex":12},{"imageOffset":11250380,"symbol":"-[UIWindow sendEvent:]","symbolLocation":3164,"imageIndex":12},{"imageOffset":11111140,"symbol":"-[UIApplication sendEvent:]","symbolLocation":692,"imageIndex":12},{"imageOffset":11617860,"symbol":"__dispatchPreprocessedEventFromEventQueue","symbolLocation":1880,"imageIndex":12},{"imageOffset":11629968,"symbol":"__processEventQueue","symbolLocation":5556,"imageIndex":12},{"imageOffset":11601080,"symbol":"__eventFetcherSourceCallback","symbolLocation":156,"imageIndex":12},{"imageOffset":547948,"symbol":"__CFRUNLOOP_IS_CALLING_OUT_TO_A_SOURCE0_PERFORM_FUNCTION__","symbolLocation":24,"imageIndex":27},{"imageOffset":547764,"symbol":"__CFRunLoopDoSource0","symbolLocation":172,"imageIndex":27},{"imageOffset":545572,"symbol":"__CFRunLoopDoSources0","symbolLocation":232,"imageIndex":27},{"imageOffset":522584,"symbol":"__CFRunLoopRun","symbolLocation":748,"imageIndex":27},{"imageOffset":520788,"symbol":"CFRunLoopRunSpecific","symbolLocation":584,"imageIndex":27},{"imageOffset":15516,"symbol":"GSEventRunModal","symbolLocation":160,"imageIndex":28},{"imageOffset":11005936,"symbol":"-[UIApplication _run]","symbolLocation":868,"imageIndex":12},{"imageOffset":11022140,"symbol":"UIApplicationMain","symbolLocation":124,"imageIndex":12},{"imageOffset":16085836,"imageIndex":4},{"imageOffset":16085484,"imageIndex":4},{"imageOffset":7664756,"imageIndex":4},{"imageOffset":169524,"sourceFile":"\/<compiler-generated>","symbol":"static PenNote_EnglishApp.$main()","symbolLocation":40,"imageIndex":3},{"imageOffset":169856,"sourceLine":11,"sourceFile":"PenNote_EnglishApp.swift","symbol":"__debug_main_executable_dylib_entry_point","imageIndex":3,"symbolLocation":12},{"imageOffset":5396,"symbol":"start_sim","symbolLocation":20,"imageIndex":2},{"imageOffset":25204,"symbol":"start","symbolLocation":2840,"imageIndex":0}],
  "faultingThread" : 0,
  "threads" : [{"triggered":true,"id":1665753,"threadState":{"x":[{"value":0},{"value":0},{"value":0},{"value":0},{"value":6444811527},{"value":6101344016},{"value":110},{"value":1792},{"value":4367712768,"symbolLocation":0,"symbol":"_main_thread"},{"value":10033578812806043799},{"value":512},{"value":11},{"value":11},{"value":2095104},{"value":2043},{"value":2206459907},{"value":328},{"value":2206459907},{"value":0},{"value":6},{"value":259},{"value":4367712992,"symbolLocation":224,"symbol":"_main_thread"},{"value":7444071448,"symbolLocation":0,"symbol":"__kCFAllocatorSystemDefault"},{"value":105553152183360},{"value":1},{"value":1},{"value":1},{"value":0},{"value":6444890096,"symbolLocation":0,"symbol":"tlv_get_addr"}],"flavor":"ARM_THREAD_STATE64","lr":{"value":4366365704},"cpsr":{"value":1073745920},"fp":{"value":6101343872},"sp":{"value":6101343840},"esr":{"value":1442840704,"description":" Address size fault"},"pc":{"value":4371091720,"matchesCrashFrame":1},"far":{"value":0}},"queue":"com.apple.main-thread","frames":[{"imageOffset":37128,"symbol":"__pthread_kill","symbolLocation":8,"imageIndex":8},{"imageOffset":29704,"symbol":"pthread_kill","symbolLocation":256,"imageIndex":9},{"imageOffset":468796,"symbol":"abort","symbolLocation":124,"imageIndex":24},{"imageOffset":82088,"symbol":"abort_message","symbolLocation":128,"imageIndex":25},{"imageOffset":19412,"symbol":"demangling_terminate_handler()","symbolLocation":300,"imageIndex":25},{"imageOffset":28328,"symbol":"_objc_terminate()","symbolLocation":124,"imageIndex":26},{"imageOffset":79232,"symbol":"std::__terminate(void (*)())","symbolLocation":12,"imageIndex":25},{"imageOffset":90040,"symbol":"__cxa_rethrow","symbolLocation":144,"imageIndex":25},{"imageOffset":152584,"symbol":"objc_exception_rethrow","symbolLocation":40,"imageIndex":26},{"imageOffset":520984,"symbol":"CFRunLoopRunSpecific","symbolLocation":780,"imageIndex":27},{"imageOffset":15516,"symbol":"GSEventRunModal","symbolLocation":160,"imageIndex":28},{"imageOffset":11005936,"symbol":"-[UIApplication _run]","symbolLocation":868,"imageIndex":12},{"imageOffset":11022140,"symbol":"UIApplicationMain","symbolLocation":124,"imageIndex":12},{"imageOffset":16085836,"imageIndex":4},{"imageOffset":16085484,"imageIndex":4},{"imageOffset":7664756,"imageIndex":4},{"imageOffset":169524,"sourceFile":"\/<compiler-generated>","symbol":"static PenNote_EnglishApp.$main()","symbolLocation":40,"imageIndex":3},{"imageOffset":169856,"sourceLine":11,"sourceFile":"PenNote_EnglishApp.swift","symbol":"__debug_main_executable_dylib_entry_point","imageIndex":3,"symbolLocation":12},{"imageOffset":5396,"symbol":"start_sim","symbolLocation":20,"imageIndex":2},{"imageOffset":25204,"symbol":"start","symbolLocation":2840,"imageIndex":0}]},{"id":1665805,"frames":[{"imageOffset":10540,"symbol":"start_wqthread","symbolLocation":0,"imageIndex":9}],"threadState":{"x":[{"value":6101905408},{"value":4611},{"value":6101368832},{"value":0},{"value":409604},{"value":18446744073709551615},{"value":0},{"value":0},{"value":0},{"value":0},{"value":0},{"value":0},{"value":0},{"value":0},{"value":0},{"value":0},{"value":0},{"value":0},{"value":0},{"value":0},{"value":0},{"value":0},{"value":0},{"value":0},{"value":0},{"value":0},{"value":0},{"value":0},{"value":0}],"flavor":"ARM_THREAD_STATE64","lr":{"value":0},"cpsr":{"value":4096},"fp":{"value":0},"sp":{"value":6101905408},"esr":{"value":1442840704,"description":" Address size fault"},"pc":{"value":4366346540},"far":{"value":0}}},{"id":1665812,"name":"com.apple.uikit.eventfetch-thread","threadState":{"x":[{"value":268451845},{"value":34477180934},{"value":0},{"value":46192373268480},{"value":0},{"value":46192373268480},{"value":3072},{"value":4294967295},{"value":18446744073709550527},{"value":3072},{"value":0},{"value":0},{"value":0},{"value":10755},{"value":3072},{"value":0},{"value":18446744073709551569},{"value":2},{"value":0},{"value":4294967295},{"value":3072},{"value":46192373268480},{"value":0},{"value":46192373268480},{"value":6104194928},{"value":0},{"value":34477180934},{"value":34477180934},{"value":117442566}],"flavor":"ARM_THREAD_STATE64","lr":{"value":4371130080},"cpsr":{"value":4096},"fp":{"value":6104194256},"sp":{"value":6104194176},"esr":{"value":1442840704,"description":" Address size fault"},"pc":{"value":4371059600},"far":{"value":0}},"frames":[{"imageOffset":5008,"symbol":"mach_msg2_trap","symbolLocation":8,"imageIndex":8},{"imageOffset":75488,"symbol":"mach_msg2_internal","symbolLocation":76,"imageIndex":8},{"imageOffset":38132,"symbol":"mach_msg_overwrite","symbolLocation":536,"imageIndex":8},{"imageOffset":5836,"symbol":"mach_msg","symbolLocation":20,"imageIndex":8},{"imageOffset":545960,"symbol":"__CFRunLoopServiceMachPort","symbolLocation":156,"imageIndex":27},{"imageOffset":522964,"symbol":"__CFRunLoopRun","symbolLocation":1128,"imageIndex":27},{"imageOffset":520788,"symbol":"CFRunLoopRunSpecific","symbolLocation":584,"imageIndex":27},{"imageOffset":4584636,"symbol":"-[NSRunLoop(NSRunLoop) runMode:beforeDate:]","symbolLocation":208,"imageIndex":31},{"imageOffset":4585184,"symbol":"-[NSRunLoop(NSRunLoop) runUntilDate:]","symbolLocation":60,"imageIndex":31},{"imageOffset":11659028,"symbol":"-[UIEventFetcher threadMain]","symbolLocation":404,"imageIndex":12},{"imageOffset":4738528,"symbol":"__NSThread__start__","symbolLocation":704,"imageIndex":31},{"imageOffset":30456,"symbol":"_pthread_start","symbolLocation":104,"imageIndex":9},{"imageOffset":10560,"symbol":"thread_start","symbolLocation":8,"imageIndex":9}]},{"id":1666646,"frames":[{"imageOffset":10540,"symbol":"start_wqthread","symbolLocation":0,"imageIndex":9}],"threadState":{"x":[{"value":6102478848},{"value":9743},{"value":6101942272},{"value":0},{"value":409604},{"value":18446744073709551615},{"value":0},{"value":0},{"value":0},{"value":0},{"value":0},{"value":0},{"value":0},{"value":0},{"value":0},{"value":0},{"value":0},{"value":0},{"value":0},{"value":0},{"value":0},{"value":0},{"value":0},{"value":0},{"value":0},{"value":0},{"value":0},{"value":0},{"value":0}],"flavor":"ARM_THREAD_STATE64","lr":{"value":0},"cpsr":{"value":4096},"fp":{"value":0},"sp":{"value":6102478848},"esr":{"value":1442840704,"description":" Address size fault"},"pc":{"value":4366346540},"far":{"value":0}}},{"id":1666681,"frames":[{"imageOffset":10540,"symbol":"start_wqthread","symbolLocation":0,"imageIndex":9}],"threadState":{"x":[{"value":6103052288},{"value":5639},{"value":6102515712},{"value":0},{"value":409604},{"value":18446744073709551615},{"value":0},{"value":0},{"value":0},{"value":0},{"value":0},{"value":0},{"value":0},{"value":0},{"value":0},{"value":0},{"value":0},{"value":0},{"value":0},{"value":0},{"value":0},{"value":0},{"value":0},{"value":0},{"value":0},{"value":0},{"value":0},{"value":0},{"value":0}],"flavor":"ARM_THREAD_STATE64","lr":{"value":0},"cpsr":{"value":4096},"fp":{"value":0},"sp":{"value":6103052288},"esr":{"value":1442840704,"description":" Address size fault"},"pc":{"value":4366346540},"far":{"value":0}}},{"id":1666682,"frames":[{"imageOffset":10540,"symbol":"start_wqthread","symbolLocation":0,"imageIndex":9}],"threadState":{"x":[{"value":6103625728},{"value":11527},{"value":6103089152},{"value":0},{"value":409604},{"value":18446744073709551615},{"value":0},{"value":0},{"value":0},{"value":0},{"value":0},{"value":0},{"value":0},{"value":0},{"value":0},{"value":0},{"value":0},{"value":0},{"value":0},{"value":0},{"value":0},{"value":0},{"value":0},{"value":0},{"value":0},{"value":0},{"value":0},{"value":0},{"value":0}],"flavor":"ARM_THREAD_STATE64","lr":{"value":0},"cpsr":{"value":4096},"fp":{"value":0},"sp":{"value":6103625728},"esr":{"value":1442840704,"description":" Address size fault"},"pc":{"value":4366346540},"far":{"value":0}}},{"id":1666683,"frames":[{"imageOffset":10540,"symbol":"start_wqthread","symbolLocation":0,"imageIndex":9}],"threadState":{"x":[{"value":6104772608},{"value":8199},{"value":6104236032},{"value":0},{"value":409603},{"value":18446744073709551615},{"value":0},{"value":0},{"value":0},{"value":0},{"value":0},{"value":0},{"value":0},{"value":0},{"value":0},{"value":0},{"value":0},{"value":0},{"value":0},{"value":0},{"value":0},{"value":0},{"value":0},{"value":0},{"value":0},{"value":0},{"value":0},{"value":0},{"value":0}],"flavor":"ARM_THREAD_STATE64","lr":{"value":0},"cpsr":{"value":4096},"fp":{"value":0},"sp":{"value":6104772608},"esr":{"value":1442840704,"description":" Address size fault"},"pc":{"value":4366346540},"far":{"value":0}}},{"id":1666684,"frames":[{"imageOffset":10540,"symbol":"start_wqthread","symbolLocation":0,"imageIndex":9}],"threadState":{"x":[{"value":6105346048},{"value":25111},{"value":6104809472},{"value":0},{"value":409604},{"value":18446744073709551615},{"value":0},{"value":0},{"value":0},{"value":0},{"value":0},{"value":0},{"value":0},{"value":0},{"value":0},{"value":0},{"value":0},{"value":0},{"value":0},{"value":0},{"value":0},{"value":0},{"value":0},{"value":0},{"value":0},{"value":0},{"value":0},{"value":0},{"value":0}],"flavor":"ARM_THREAD_STATE64","lr":{"value":0},"cpsr":{"value":4096},"fp":{"value":0},"sp":{"value":6105346048},"esr":{"value":1442840704,"description":" Address size fault"},"pc":{"value":4366346540},"far":{"value":0}}},{"id":1666685,"frames":[{"imageOffset":10540,"symbol":"start_wqthread","symbolLocation":0,"imageIndex":9}],"threadState":{"x":[{"value":6105919488},{"value":29975},{"value":6105382912},{"value":0},{"value":409604},{"value":18446744073709551615},{"value":0},{"value":0},{"value":0},{"value":0},{"value":0},{"value":0},{"value":0},{"value":0},{"value":0},{"value":0},{"value":0},{"value":0},{"value":0},{"value":0},{"value":0},{"value":0},{"value":0},{"value":0},{"value":0},{"value":0},{"value":0},{"value":0},{"value":0}],"flavor":"ARM_THREAD_STATE64","lr":{"value":0},"cpsr":{"value":4096},"fp":{"value":0},"sp":{"value":6105919488},"esr":{"value":1442840704,"description":" Address size fault"},"pc":{"value":4366346540},"far":{"value":0}}}],
  "usedImages" : [
  {
    "source" : "P",
    "arch" : "arm64e",
    "base" : 4367122432,
    "size" : 540672,
    "uuid" : "398a133c-9bcb-317f-a064-a40d3cea3c0f",
    "path" : "\/usr\/lib\/dyld",
    "name" : "dyld"
  },
  {
    "source" : "P",
    "arch" : "arm64",
    "base" : 4365533184,
    "CFBundleShortVersionString" : "1.0",
    "CFBundleIdentifier" : "com.macrochen.PenNote-English",
    "size" : 16384,
    "uuid" : "6c45c993-85c2-3cbf-9b72-d369706e942b",
    "path" : "\/Users\/USER\/Library\/Developer\/CoreSimulator\/Devices\/7B5E1B5A-9919-4B24-A5CC-559B4DFA129D\/data\/Containers\/Bundle\/Application\/7D2A155F-BFFA-4E94-92F9-32A367CE4EB2\/PenNote English.app\/PenNote English",
    "name" : "PenNote English",
    "CFBundleVersion" : "1"
  },
  {
    "source" : "P",
    "arch" : "arm64",
    "base" : 4368334848,
    "size" : 327680,
    "uuid" : "4eba7f04-0a30-3166-8a68-9125b8a1d5f9",
    "path" : "\/Volumes\/VOLUME\/*\/dyld_sim",
    "name" : "dyld_sim"
  },
  {
    "source" : "P",
    "arch" : "arm64",
    "base" : 4368941056,
    "size" : 229376,
    "uuid" : "3730d4a4-731b-3225-b63b-cae722a6f70c",
    "path" : "\/Users\/USER\/Library\/Developer\/CoreSimulator\/Devices\/7B5E1B5A-9919-4B24-A5CC-559B4DFA129D\/data\/Containers\/Bundle\/Application\/7D2A155F-BFFA-4E94-92F9-32A367CE4EB2\/PenNote English.app\/PenNote English.debug.dylib",
    "name" : "PenNote English.debug.dylib"
  },
  {
    "source" : "P",
    "arch" : "arm64",
    "base" : 4436721664,
    "CFBundleShortVersionString" : "4.4.36.1.102",
    "CFBundleIdentifier" : "com.apple.SwiftUI",
    "size" : 22822912,
    "uuid" : "d1594f8f-331a-3fab-a631-124e563569fe",
    "path" : "\/Volumes\/VOLUME\/*\/SwiftUI.framework\/SwiftUI",
    "name" : "SwiftUI",
    "CFBundleVersion" : "4.4.36.1.102"
  },
  {
    "source" : "P",
    "arch" : "arm64",
    "base" : 4366270464,
    "CFBundleShortVersionString" : "1.0",
    "CFBundleIdentifier" : "com.apple.UIKit",
    "size" : 16384,
    "uuid" : "7e2b5d6b-224b-39a1-af92-5f3909a01490",
    "path" : "\/Volumes\/VOLUME\/*\/UIKit.framework\/UIKit",
    "name" : "UIKit",
    "CFBundleVersion" : "6441.1.101"
  },
  {
    "source" : "P",
    "arch" : "arm64",
    "base" : 4372561920,
    "size" : 425984,
    "uuid" : "f5219679-3057-31da-a067-a2d4201afbcd",
    "path" : "\/Volumes\/VOLUME\/*\/libswiftUIKit.dylib",
    "name" : "libswiftUIKit.dylib"
  },
  {
    "source" : "P",
    "arch" : "arm64",
    "base" : 4366712832,
    "size" : 32768,
    "uuid" : "44654135-5ba7-3ea2-b7ef-f77ad1cb1980",
    "path" : "\/usr\/lib\/system\/libsystem_platform.dylib",
    "name" : "libsystem_platform.dylib"
  },
  {
    "source" : "P",
    "arch" : "arm64",
    "base" : 4371054592,
    "size" : 245760,
    "uuid" : "5ea2a242-9786-3af8-b8a9-7899ecc711c8",
    "path" : "\/usr\/lib\/system\/libsystem_kernel.dylib",
    "name" : "libsystem_kernel.dylib"
  },
  {
    "source" : "P",
    "arch" : "arm64",
    "base" : 4366336000,
    "size" : 65536,
    "uuid" : "53372391-80ee-3a52-85d2-b0d39816a60b",
    "path" : "\/usr\/lib\/system\/libsystem_pthread.dylib",
    "name" : "libsystem_pthread.dylib"
  },
  {
    "source" : "P",
    "arch" : "arm64",
    "base" : 4366843904,
    "CFBundleShortVersionString" : "17",
    "CFBundleIdentifier" : "com.apple.RecapPerformanceTesting",
    "size" : 81920,
    "uuid" : "ecc99c9c-5eea-3b7c-bdd4-888597768103",
    "path" : "\/Volumes\/VOLUME\/*\/RecapPerformanceTesting.framework\/RecapPerformanceTesting",
    "name" : "RecapPerformanceTesting",
    "CFBundleVersion" : "17"
  },
  {
    "source" : "P",
    "arch" : "arm64",
    "base" : 4369760256,
    "CFBundleShortVersionString" : "1.0",
    "CFBundleIdentifier" : "com.apple.DocumentManager",
    "size" : 294912,
    "uuid" : "f55c5260-df24-3181-b7be-db7ee1ceae80",
    "path" : "\/Volumes\/VOLUME\/*\/DocumentManager.framework\/DocumentManager",
    "name" : "DocumentManager",
    "CFBundleVersion" : "280.5.15"
  },
  {
    "source" : "P",
    "arch" : "arm64",
    "base" : 4373987328,
    "CFBundleShortVersionString" : "1.0",
    "CFBundleIdentifier" : "com.apple.UIKitCore",
    "size" : 24002560,
    "uuid" : "6726ae46-2599-3f92-adca-c48a0512d4ea",
    "path" : "\/Volumes\/VOLUME\/*\/UIKitCore.framework\/UIKitCore",
    "name" : "UIKitCore",
    "CFBundleVersion" : "6441.1.101"
  },
  {
    "source" : "P",
    "arch" : "arm64",
    "base" : 4430594048,
    "CFBundleShortVersionString" : "1885",
    "CFBundleIdentifier" : "com.apple.ShareSheet",
    "size" : 983040,
    "uuid" : "dc8e84eb-1e2c-3415-af31-e86b29fa6b2d",
    "path" : "\/Volumes\/VOLUME\/*\/ShareSheet.framework\/ShareSheet",
    "name" : "ShareSheet",
    "CFBundleVersion" : "1885"
  },
  {
    "source" : "P",
    "arch" : "arm64",
    "base" : 4428546048,
    "CFBundleShortVersionString" : "1.0",
    "CFBundleIdentifier" : "com.apple.PrintKitUI",
    "size" : 573440,
    "uuid" : "74ff1df9-3f27-335a-9673-8991789c7e21",
    "path" : "\/Volumes\/VOLUME\/*\/PrintKitUI.framework\/PrintKitUI",
    "name" : "PrintKitUI",
    "CFBundleVersion" : "15.6"
  },
  {
    "source" : "P",
    "arch" : "arm64",
    "base" : 4432969728,
    "CFBundleShortVersionString" : "8615",
    "CFBundleIdentifier" : "com.apple.WebKitLegacy",
    "size" : 1671168,
    "uuid" : "d8b6af72-5e3d-39b2-bb59-e512d81bc65b",
    "path" : "\/Volumes\/VOLUME\/*\/WebKitLegacy.framework\/WebKitLegacy",
    "name" : "WebKitLegacy",
    "CFBundleVersion" : "8615.1.26.10.23"
  },
  {
    "source" : "P",
    "arch" : "arm64",
    "base" : 4529176576,
    "CFBundleShortVersionString" : "8615",
    "CFBundleIdentifier" : "com.apple.JavaScriptCore",
    "size" : 21725184,
    "uuid" : "6c92ecb5-f484-3925-b8ac-132e313d11cc",
    "path" : "\/Volumes\/VOLUME\/*\/JavaScriptCore.framework\/JavaScriptCore",
    "name" : "JavaScriptCore",
    "CFBundleVersion" : "8615.1.26.10.23"
  },
  {
    "source" : "P",
    "arch" : "arm64",
    "base" : 4687822848,
    "CFBundleShortVersionString" : "8615",
    "CFBundleIdentifier" : "com.apple.WebCore",
    "size" : 41779200,
    "uuid" : "d5407764-9477-39b2-913f-54409e0fe6cd",
    "path" : "\/Volumes\/VOLUME\/*\/WebCore.framework\/WebCore",
    "name" : "WebCore",
    "CFBundleVersion" : "8615.1.26.10.23"
  },
  {
    "source" : "P",
    "arch" : "arm64",
    "base" : 4482711552,
    "size" : 3571712,
    "uuid" : "094a5d7d-536f-3c65-bf0f-42037de47f30",
    "path" : "\/Volumes\/VOLUME\/*\/WebCore.framework\/Frameworks\/libANGLE-shared.dylib",
    "name" : "libANGLE-shared.dylib"
  },
  {
    "source" : "P",
    "arch" : "arm64",
    "base" : 4371480576,
    "CFBundleShortVersionString" : "8615",
    "CFBundleIdentifier" : "com.apple.WebGPU",
    "size" : 360448,
    "uuid" : "84b58cce-be36-3c7e-8f54-801c8cb3c7fa",
    "path" : "\/Volumes\/VOLUME\/*\/WebGPU.framework\/WebGPU",
    "name" : "WebGPU",
    "CFBundleVersion" : "8615.1.26.10.23"
  },
  {
    "source" : "P",
    "arch" : "arm64",
    "base" : 4556783616,
    "size" : 10829824,
    "uuid" : "f606aa36-49b5-3263-a825-d170b63fa66a",
    "path" : "\/Volumes\/VOLUME\/*\/WebCore.framework\/Frameworks\/libwebrtc.dylib",
    "name" : "libwebrtc.dylib"
  },
  {
    "source" : "P",
    "arch" : "arm64",
    "base" : 4370972672,
    "size" : 49152,
    "uuid" : "806ae646-0aee-359b-883f-e4018780ec94",
    "path" : "\/Volumes\/VOLUME\/*\/libobjc-trampolines.dylib",
    "name" : "libobjc-trampolines.dylib"
  },
  {
    "source" : "P",
    "arch" : "arm64",
    "base" : 4661690368,
    "CFBundleIdentifier" : "com.apple.TextInputUI",
    "size" : 573440,
    "uuid" : "9baeecb9-a8d8-377f-9e82-dbe6cc905343",
    "path" : "\/Volumes\/VOLUME\/*\/TextInputUI.framework\/TextInputUI",
    "name" : "TextInputUI",
    "CFBundleVersion" : "1.0"
  },
  {
    "source" : "P",
    "arch" : "arm64",
    "base" : 4429889536,
    "CFBundleShortVersionString" : "157",
    "CFBundleIdentifier" : "com.apple.MetalKit",
    "size" : 114688,
    "uuid" : "a7239d12-8ef7-31dd-9042-955c44d86945",
    "path" : "\/Volumes\/VOLUME\/*\/MetalKit.framework\/MetalKit",
    "name" : "MetalKit",
    "CFBundleVersion" : "157"
  },
  {
    "source" : "P",
    "arch" : "arm64",
    "base" : 6443196416,
    "size" : 503804,
    "uuid" : "6b3ced39-3f0d-3bb2-a2b1-34062cf5c8eb",
    "path" : "\/Volumes\/VOLUME\/*\/libsystem_c.dylib",
    "name" : "libsystem_c.dylib"
  },
  {
    "source" : "P",
    "arch" : "arm64",
    "base" : 6444716032,
    "size" : 106496,
    "uuid" : "0e23e223-5e94-3fc8-9d0e-a75c9606e267",
    "path" : "\/Volumes\/VOLUME\/*\/libc++abi.dylib",
    "name" : "libc++abi.dylib"
  },
  {
    "source" : "P",
    "arch" : "arm64",
    "base" : 6442631168,
    "size" : 216864,
    "uuid" : "dfe7d97e-d1bd-38d9-b8f1-5c58d6bbf6ad",
    "path" : "\/Volumes\/VOLUME\/*\/libobjc.A.dylib",
    "name" : "libobjc.A.dylib"
  },
  {
    "source" : "P",
    "arch" : "arm64",
    "base" : 6445682688,
    "CFBundleShortVersionString" : "6.9",
    "CFBundleIdentifier" : "com.apple.CoreFoundation",
    "size" : 3862528,
    "uuid" : "132e87d0-14ac-310c-a5e9-3d9c921cc8ea",
    "path" : "\/Volumes\/VOLUME\/*\/CoreFoundation.framework\/CoreFoundation",
    "name" : "CoreFoundation",
    "CFBundleVersion" : "1971"
  },
  {
    "source" : "P",
    "arch" : "arm64",
    "base" : 6592086016,
    "CFBundleShortVersionString" : "1.0",
    "CFBundleIdentifier" : "com.apple.GraphicsServices",
    "size" : 36864,
    "uuid" : "8e24edb2-1c99-3652-9ef0-e66191675515",
    "path" : "\/Volumes\/VOLUME\/*\/GraphicsServices.framework\/GraphicsServices",
    "name" : "GraphicsServices",
    "CFBundleVersion" : "1.0"
  },
  {
    "size" : 0,
    "source" : "A",
    "base" : 0,
    "uuid" : "00000000-0000-0000-0000-000000000000"
  },
  {
    "source" : "P",
    "arch" : "arm64",
    "base" : 6444822528,
    "size" : 139264,
    "uuid" : "381adee5-4fab-31a0-828b-6fcce6d2ee47",
    "path" : "\/Volumes\/VOLUME\/*\/libdyld.dylib",
    "name" : "libdyld.dylib"
  },
  {
    "source" : "P",
    "arch" : "arm64",
    "base" : 6450028544,
    "CFBundleShortVersionString" : "6.9",
    "CFBundleIdentifier" : "com.apple.Foundation",
    "size" : 8724480,
    "uuid" : "e7f2a1f0-fb2c-3074-a4ea-e5853bffcee4",
    "path" : "\/Volumes\/VOLUME\/*\/Foundation.framework\/Foundation",
    "name" : "Foundation",
    "CFBundleVersion" : "1971"
  }
],
  "sharedCache" : {
  "base" : 6442450944,
  "size" : 1394409472,
  "uuid" : "0e485300-21a8-331e-836d-46dbc5a7e223"
},
  "vmSummary" : "ReadOnly portion of Libraries: Total=797.2M resident=0K(0%) swapped_out_or_unallocated=797.2M(100%)\nWritable regions: Total=619.8M written=1028K(0%) resident=1028K(0%) swapped_out=0K(0%) unallocated=618.8M(100%)\n\n                                VIRTUAL   REGION \nREGION TYPE                        SIZE    COUNT (non-coalesced) \n===========                     =======  ======= \nActivity Tracing                   256K        1 \nCG raster data                      96K        3 \nColorSync                          128K        5 \nCoreAnimation                      848K       32 \nCoreData                            16K        1 \nCoreUI image data                  176K        1 \nFoundation                          16K        1 \nKernel Alloc Once                   32K        1 \nMALLOC                           601.8M       44 \nMALLOC guard page                  128K        8 \nSQLite page cache                  128K        1 \nSTACK GUARD                       56.1M        9 \nStack                             12.2M        9 \nVM_ALLOCATE                       1056K        2 \n__DATA                            10.9M      375 \n__DATA_CONST                      36.6M      384 \n__DATA_DIRTY                       107K       12 \n__FONT_DATA                          4K        1 \n__LINKEDIT                       391.3M       25 \n__LLVM_COV                          16K        1 \n__OBJC_RO                         29.1M        1 \n__OBJC_RW                          898K        1 \n__TEXT                           405.8M      393 \n__TPRO_CONST                       288K        1 \ndyld private memory                4.8G        6 \nmapped file                      434.6M       22 \nowned unmapped memory              512K        1 \npage table in kernel              1028K        1 \nshared memory                       16K        1 \n===========                     =======  ======= \nTOTAL                              6.7G     1343 \n",
  "legacyInfo" : {
  "threadTriggered" : {
    "queue" : "com.apple.main-thread"
  }
},
  "logWritingSignature" : "0b847b52eeea99d22abafac4a3d7c86364384f79",
  "trialInfo" : {
  "rollouts" : [
    {
      "rolloutId" : "654d8c0661e7447155256fcd",
      "factorPackIds" : {
        "SIRI_TEXT_TO_SPEECH" : "67bd1af5213fff22c33c3e5e"
      },
      "deploymentId" : 240000289
    },
    {
      "rolloutId" : "64c17a9925d75a7281053d4c",
      "factorPackIds" : {
        "SIRI_AUDIO_DISABLE_MEDIA_ENTITY_SYNC" : "64d29746ad29a465b3bbeace"
      },
      "deploymentId" : 240000002
    }
  ],
  "experiments" : [

  ]
}
}

Model: Mac14,2, BootROM 11881.81.4, proc 8:4:4 processors, 8 GB, SMC 
Graphics: Apple M2, Apple M2, Built-In
Display: Color LCD, 2560 x 1664 Retina, Main, MirrorOff, Online
Memory Module: LPDDR5, Hynix
AirPort: spairport_wireless_card_type_wifi (0x14E4, 0x4387), wl0: Oct 31 2024 06:06:06 version 20.10.1135.4.8.7.191 FWID 01-e648b845
IO80211_driverkit-1345.10 "IO80211_driverkit-1345.10" Dec 14 2024 17:47:07
AirPort: 
Bluetooth: Version (null), 0 services, 0 devices, 0 incoming serial ports
Network Service: Wi-Fi, AirPort, en0
USB Device: USB31Bus
USB Device: USB31Bus
Thunderbolt Bus: MacBook Air, Apple Inc.
Thunderbolt Bus: MacBook Air, Apple Inc.
